<?xml version="1.0" encoding="UTF-8"?>
<testsuites>
    <testsuite name="force.apex" timestamp="2019-01-25T02:08:09+05:30" hostname="https://diganta-dev-ed.my.salesforce.com" tests="1" failures="0"  errors="0"  time="1.04">
        <properties>
            <property name="outcome" value="Passed"/>
            <property name="testsRan" value="1"/>
            <property name="passing" value="1"/>
            <property name="failing" value="0"/>
            <property name="skipped" value="0"/>
            <property name="passRate" value="100%"/>
            <property name="failRate" value="0%"/>
            <property name="testStartTime" value="Jan 25, 2019 2:08 AM"/>
            <property name="testExecutionTime" value="1.04 s"/>
            <property name="testTotalTime" value="1.04 s"/>
            <property name="commandTime" value="11.63 s"/>
            <property name="hostname" value="https://diganta-dev-ed.my.salesforce.com"/>
            <property name="orgId" value="00D28000001ar3cEAA"/>
            <property name="username" value="diganta@salesforce2k16.com"/>
            <property name="testRunId" value="7070I00009wBXGD"/>
            <property name="userId" value="00528000003iiMpAAI"/>
        </properties>
        <testcase name="testNoOfContacts" classname="AccountProcessorTest" time="1.04">
        </testcase>
    </testsuite>
</testsuites>
